AdminApp/build/app/intermediates/manifest_merge_blame_file/release/manifest-merger-blame-release-report.txt
1<?xml version="1.0" encoding="utf-8"?>
2<manifest xmlns:android="http://schemas.android.com/apk/res/android"
3    package="com.dortodor.dortodorpartner"
4    android:versionCode="1"
5    android:versionName="1.0.0" >
6
7    <uses-sdk
8        android:minSdkVersion="21"
8-->src\main\AndroidManifest.xml
9        android:targetSdkVersion="34" />
9-->src\main\AndroidManifest.xml
10    <!--
11         Required to query activities that can process text, see:
12         https://developer.android.com/training/package-visibility and
13         https://developer.android.com/reference/android/content/Intent#ACTION_PROCESS_TEXT.
14
15         In particular, this is used by the Flutter engine in io.flutter.plugin.text.ProcessTextPlugin.
16    -->
17    <queries>
17-->src\main\AndroidManifest.xml:39:5-44:15
18        <intent>
18-->src\main\AndroidManifest.xml:40:9-43:18
19            <action android:name="android.intent.action.PROCESS_TEXT" />
19-->src\main\AndroidManifest.xml:41:13-72
19-->src\main\AndroidManifest.xml:41:21-70
20
21            <data android:mimeType="text/plain" />
21-->src\main\AndroidManifest.xml:42:13-50
21-->src\main\AndroidManifest.xml:42:19-48
22        </intent>
23        <intent>
23-->[:file_picker] AndroidManifest.xml:14:9-18:18
24            <action android:name="android.intent.action.GET_CONTENT" />
24-->[:file_picker] AndroidManifest.xml:15:13-72
24-->[:file_picker] AndroidManifest.xml:15:21-69
25
26            <data android:mimeType="*/*" />
26-->src\main\AndroidManifest.xml:42:13-50
26-->src\main\AndroidManifest.xml:42:19-48
27        </intent>
28    </queries>
29
30    <uses-permission android:name="android.permission.ACCESS_NETWORK_STATE" />
30-->[:connectivity_plus] AndroidManifest.xml:9:5-79
30-->[:connectivity_plus] AndroidManifest.xml:9:22-76
31    <uses-permission
31-->[:file_picker] AndroidManifest.xml:9:5-11:38
32        android:name="android.permission.READ_EXTERNAL_STORAGE"
32-->[:file_picker] AndroidManifest.xml:10:9-64
33        android:maxSdkVersion="32" />
33-->[:file_picker] AndroidManifest.xml:11:9-35
34    <uses-permission android:name="android.permission.INTERNET" />
34-->[:firebase_messaging] AndroidManifest.xml:9:5-67
34-->[:firebase_messaging] AndroidManifest.xml:9:22-64
35    <uses-permission android:name="android.permission.WAKE_LOCK" /> <!-- Permissions options for the `notification` group -->
35-->[:firebase_messaging] AndroidManifest.xml:10:5-68
35-->[:firebase_messaging] AndroidManifest.xml:10:22-65
36    <uses-permission android:name="android.permission.POST_NOTIFICATIONS" />
36-->[:firebase_messaging] AndroidManifest.xml:13:5-77
36-->[:firebase_messaging] AndroidManifest.xml:13:22-74
37    <uses-permission android:name="android.permission.READ_MEDIA_IMAGES" />
37-->[:open_filex] AndroidManifest.xml:13:5-76
37-->[:open_filex] AndroidManifest.xml:13:22-73
38    <uses-permission android:name="android.permission.READ_MEDIA_VIDEO" />
38-->[:open_filex] AndroidManifest.xml:14:5-75
38-->[:open_filex] AndroidManifest.xml:14:22-72
39    <uses-permission android:name="android.permission.READ_MEDIA_AUDIO" /> <!-- Required by older versions of Google Play services to create IID tokens -->
39-->[:open_filex] AndroidManifest.xml:15:5-75
39-->[:open_filex] AndroidManifest.xml:15:22-72
40    <uses-permission android:name="com.google.android.c2dm.permission.RECEIVE" />
40-->[com.google.firebase:firebase-iid:21.1.0] AndroidManifest.xml:26:5-82
40-->[com.google.firebase:firebase-iid:21.1.0] AndroidManifest.xml:26:22-79
41
42    <permission
42-->[androidx.core:core:1.13.1] AndroidManifest.xml:22:5-24:47
43        android:name="com.dortodor.dortodorpartner.DYNAMIC_RECEIVER_NOT_EXPORTED_PERMISSION"
43-->[androidx.core:core:1.13.1] AndroidManifest.xml:23:9-81
44        android:protectionLevel="signature" />
44-->[androidx.core:core:1.13.1] AndroidManifest.xml:24:9-44
45
46    <uses-permission android:name="com.dortodor.dortodorpartner.DYNAMIC_RECEIVER_NOT_EXPORTED_PERMISSION" />
46-->[androidx.core:core:1.13.1] AndroidManifest.xml:26:5-97
46-->[androidx.core:core:1.13.1] AndroidManifest.xml:26:22-94
47
48    <application
49        android:name="android.app.Application"
49-->src\main\AndroidManifest.xml:4:9-42
50        android:appComponentFactory="androidx.core.app.CoreComponentFactory"
50-->[androidx.core:core:1.13.1] AndroidManifest.xml:28:18-86
51        android:icon="@mipmap/ic_launcher"
51-->src\main\AndroidManifest.xml:5:9-43
52        android:label="dortodorpartner" >
52-->src\main\AndroidManifest.xml:3:9-40
53        <activity
53-->src\main\AndroidManifest.xml:6:9-27:20
54            android:name="com.dortodor.dortodorpartner.MainActivity"
54-->src\main\AndroidManifest.xml:7:13-41
55            android:configChanges="orientation|keyboardHidden|keyboard|screenSize|smallestScreenSize|locale|layoutDirection|fontScale|screenLayout|density|uiMode"
55-->src\main\AndroidManifest.xml:12:13-163
56            android:exported="true"
56-->src\main\AndroidManifest.xml:8:13-36
57            android:hardwareAccelerated="true"
57-->src\main\AndroidManifest.xml:13:13-47
58            android:launchMode="singleTop"
58-->src\main\AndroidManifest.xml:9:13-43
59            android:taskAffinity=""
59-->src\main\AndroidManifest.xml:10:13-36
60            android:theme="@style/LaunchTheme"
60-->src\main\AndroidManifest.xml:11:13-47
61            android:windowSoftInputMode="adjustResize" >
61-->src\main\AndroidManifest.xml:14:13-55
62
63            <!--
64                 Specifies an Android theme to apply to this Activity as soon as
65                 the Android process has started. This theme is visible to the user
66                 while the Flutter UI initializes. After that, this theme continues
67                 to determine the Window background behind the Flutter UI.
68            -->
69            <meta-data
69-->src\main\AndroidManifest.xml:19:13-22:17
70                android:name="io.flutter.embedding.android.NormalTheme"
70-->src\main\AndroidManifest.xml:20:15-70
71                android:resource="@style/NormalTheme" />
71-->src\main\AndroidManifest.xml:21:15-52
72
73            <intent-filter>
73-->src\main\AndroidManifest.xml:23:13-26:29
74                <action android:name="android.intent.action.MAIN" />
74-->src\main\AndroidManifest.xml:24:17-68
74-->src\main\AndroidManifest.xml:24:25-66
75
76                <category android:name="android.intent.category.LAUNCHER" />
76-->src\main\AndroidManifest.xml:25:17-76
76-->src\main\AndroidManifest.xml:25:27-74
77            </intent-filter>
78        </activity>
79        <!--
80             Don't delete the meta-data below.
81             This is used by the Flutter tool to generate GeneratedPluginRegistrant.java
82        -->
83        <meta-data
83-->src\main\AndroidManifest.xml:30:9-32:33
84            android:name="flutterEmbedding"
84-->src\main\AndroidManifest.xml:31:13-44
85            android:value="2" />
85-->src\main\AndroidManifest.xml:32:13-30
86
87        <service
87-->[:firebase_messaging] AndroidManifest.xml:16:9-19:72
88            android:name="io.flutter.plugins.firebase.messaging.FlutterFirebaseMessagingBackgroundService"
88-->[:firebase_messaging] AndroidManifest.xml:17:13-107
89            android:exported="false"
89-->[:firebase_messaging] AndroidManifest.xml:18:13-37
90            android:permission="android.permission.BIND_JOB_SERVICE" />
90-->[:firebase_messaging] AndroidManifest.xml:19:13-69
91        <service
91-->[:firebase_messaging] AndroidManifest.xml:20:9-26:19
92            android:name="io.flutter.plugins.firebase.messaging.FlutterFirebaseMessagingService"
92-->[:firebase_messaging] AndroidManifest.xml:21:13-97
93            android:exported="false" >
93-->[:firebase_messaging] AndroidManifest.xml:22:13-37
94            <intent-filter>
94-->[:firebase_messaging] AndroidManifest.xml:23:13-25:29
95                <action android:name="com.google.firebase.MESSAGING_EVENT" />
95-->[:firebase_messaging] AndroidManifest.xml:24:17-78
95-->[:firebase_messaging] AndroidManifest.xml:24:25-75
96            </intent-filter>
97        </service>
98
99        <receiver
99-->[:firebase_messaging] AndroidManifest.xml:28:9-35:20
100            android:name="io.flutter.plugins.firebase.messaging.FlutterFirebaseMessagingReceiver"
100-->[:firebase_messaging] AndroidManifest.xml:29:13-98
101            android:exported="true"
101-->[:firebase_messaging] AndroidManifest.xml:30:13-36
102            android:permission="com.google.android.c2dm.permission.SEND" >
102-->[:firebase_messaging] AndroidManifest.xml:31:13-73
103            <intent-filter>
103-->[:firebase_messaging] AndroidManifest.xml:32:13-34:29
104                <action android:name="com.google.android.c2dm.intent.RECEIVE" />
104-->[:firebase_messaging] AndroidManifest.xml:33:17-81
104-->[:firebase_messaging] AndroidManifest.xml:33:25-78
105            </intent-filter>
106        </receiver>
107
108        <service
108-->[:firebase_messaging] AndroidManifest.xml:37:9-41:19
109            android:name="com.google.firebase.components.ComponentDiscoveryService"
109-->[:firebase_messaging] AndroidManifest.xml:37:18-89
110            android:directBootAware="true"
110-->[com.google.firebase:firebase-common:20.4.3] AndroidManifest.xml:32:13-43
111            android:exported="false" >
111-->[com.google.firebase:firebase-iid:21.1.0] AndroidManifest.xml:31:13-37
112            <meta-data
112-->[:firebase_messaging] AndroidManifest.xml:38:13-40:85
113                android:name="com.google.firebase.components:io.flutter.plugins.firebase.messaging.FlutterFirebaseAppRegistrar"
113-->[:firebase_messaging] AndroidManifest.xml:39:17-128
114                android:value="com.google.firebase.components.ComponentRegistrar" />
114-->[:firebase_messaging] AndroidManifest.xml:40:17-82
115            <meta-data
115-->[:firebase_core] AndroidManifest.xml:11:13-13:85
116                android:name="com.google.firebase.components:io.flutter.plugins.firebase.core.FlutterFirebaseCoreRegistrar"
116-->[:firebase_core] AndroidManifest.xml:12:17-124
117                android:value="com.google.firebase.components.ComponentRegistrar" />
117-->[:firebase_core] AndroidManifest.xml:13:17-82
118            <meta-data
118-->[com.google.firebase:firebase-iid:21.1.0] AndroidManifest.xml:32:13-34:85
119                android:name="com.google.firebase.components:com.google.firebase.iid.Registrar"
119-->[com.google.firebase:firebase-iid:21.1.0] AndroidManifest.xml:33:17-96
120                android:value="com.google.firebase.components.ComponentRegistrar" />
120-->[com.google.firebase:firebase-iid:21.1.0] AndroidManifest.xml:34:17-82
121            <meta-data
121-->[com.google.firebase:firebase-messaging:23.4.1] AndroidManifest.xml:57:13-59:85
122                android:name="com.google.firebase.components:com.google.firebase.messaging.FirebaseMessagingKtxRegistrar"
122-->[com.google.firebase:firebase-messaging:23.4.1] AndroidManifest.xml:58:17-122
123                android:value="com.google.firebase.components.ComponentRegistrar" />
123-->[com.google.firebase:firebase-messaging:23.4.1] AndroidManifest.xml:59:17-82
124            <meta-data
124-->[com.google.firebase:firebase-messaging:23.4.1] AndroidManifest.xml:60:13-62:85
125                android:name="com.google.firebase.components:com.google.firebase.messaging.FirebaseMessagingRegistrar"
125-->[com.google.firebase:firebase-messaging:23.4.1] AndroidManifest.xml:61:17-119
126                android:value="com.google.firebase.components.ComponentRegistrar" />
126-->[com.google.firebase:firebase-messaging:23.4.1] AndroidManifest.xml:62:17-82
127            <meta-data
127-->[com.google.firebase:firebase-installations:17.2.0] AndroidManifest.xml:15:13-17:85
128                android:name="com.google.firebase.components:com.google.firebase.installations.FirebaseInstallationsKtxRegistrar"
128-->[com.google.firebase:firebase-installations:17.2.0] AndroidManifest.xml:16:17-130
129                android:value="com.google.firebase.components.ComponentRegistrar" />
129-->[com.google.firebase:firebase-installations:17.2.0] AndroidManifest.xml:17:17-82
130            <meta-data
130-->[com.google.firebase:firebase-installations:17.2.0] AndroidManifest.xml:18:13-20:85
131                android:name="com.google.firebase.components:com.google.firebase.installations.FirebaseInstallationsRegistrar"
131-->[com.google.firebase:firebase-installations:17.2.0] AndroidManifest.xml:19:17-127
132                android:value="com.google.firebase.components.ComponentRegistrar" />
132-->[com.google.firebase:firebase-installations:17.2.0] AndroidManifest.xml:20:17-82
133            <meta-data
133-->[com.google.firebase:firebase-common-ktx:20.4.3] AndroidManifest.xml:12:13-14:85
134                android:name="com.google.firebase.components:com.google.firebase.ktx.FirebaseCommonLegacyRegistrar"
134-->[com.google.firebase:firebase-common-ktx:20.4.3] AndroidManifest.xml:13:17-116
135                android:value="com.google.firebase.components.ComponentRegistrar" />
135-->[com.google.firebase:firebase-common-ktx:20.4.3] AndroidManifest.xml:14:17-82
136            <meta-data
136-->[com.google.firebase:firebase-common:20.4.3] AndroidManifest.xml:35:13-37:85
137                android:name="com.google.firebase.components:com.google.firebase.FirebaseCommonKtxRegistrar"
137-->[com.google.firebase:firebase-common:20.4.3] AndroidManifest.xml:36:17-109
138                android:value="com.google.firebase.components.ComponentRegistrar" />
138-->[com.google.firebase:firebase-common:20.4.3] AndroidManifest.xml:37:17-82
139            <meta-data
139-->[com.google.firebase:firebase-datatransport:18.1.7] AndroidManifest.xml:27:13-29:85
140                android:name="com.google.firebase.components:com.google.firebase.datatransport.TransportRegistrar"
140-->[com.google.firebase:firebase-datatransport:18.1.7] AndroidManifest.xml:28:17-115
141                android:value="com.google.firebase.components.ComponentRegistrar" />
141-->[com.google.firebase:firebase-datatransport:18.1.7] AndroidManifest.xml:29:17-82
142        </service>
143
144        <provider
144-->[:firebase_messaging] AndroidManifest.xml:43:9-47:38
145            android:name="io.flutter.plugins.firebase.messaging.FlutterFirebaseMessagingInitProvider"
145-->[:firebase_messaging] AndroidManifest.xml:44:13-102
146            android:authorities="com.dortodor.dortodorpartner.flutterfirebasemessaginginitprovider"
146-->[:firebase_messaging] AndroidManifest.xml:45:13-88
147            android:exported="false"
147-->[:firebase_messaging] AndroidManifest.xml:46:13-37
148            android:initOrder="99" />
148-->[:firebase_messaging] AndroidManifest.xml:47:13-35
149        <provider
149-->[:image_picker_android] AndroidManifest.xml:11:9-19:20
150            android:name="io.flutter.plugins.imagepicker.ImagePickerFileProvider"
150-->[:image_picker_android] AndroidManifest.xml:12:13-82
151            android:authorities="com.dortodor.dortodorpartner.flutter.image_provider"
151-->[:image_picker_android] AndroidManifest.xml:13:13-74
152            android:exported="false"
152-->[:image_picker_android] AndroidManifest.xml:14:13-37
153            android:grantUriPermissions="true" >
153-->[:image_picker_android] AndroidManifest.xml:15:13-47
154            <meta-data
154-->[:image_picker_android] AndroidManifest.xml:16:13-18:75
155                android:name="android.support.FILE_PROVIDER_PATHS"
155-->[:image_picker_android] AndroidManifest.xml:17:17-67
156                android:resource="@xml/flutter_image_picker_file_paths" />
156-->[:image_picker_android] AndroidManifest.xml:18:17-72
157        </provider> <!-- Trigger Google Play services to install the backported photo picker module. -->
158        <service
158-->[:image_picker_android] AndroidManifest.xml:21:9-33:19
159            android:name="com.google.android.gms.metadata.ModuleDependencies"
159-->[:image_picker_android] AndroidManifest.xml:22:13-78
160            android:enabled="false"
160-->[:image_picker_android] AndroidManifest.xml:23:13-36
161            android:exported="false" >
161-->[:image_picker_android] AndroidManifest.xml:24:13-37
162            <intent-filter>
162-->[:image_picker_android] AndroidManifest.xml:26:13-28:29
163                <action android:name="com.google.android.gms.metadata.MODULE_DEPENDENCIES" />
163-->[:image_picker_android] AndroidManifest.xml:27:17-94
163-->[:image_picker_android] AndroidManifest.xml:27:25-91
164            </intent-filter>
165
166            <meta-data
166-->[:image_picker_android] AndroidManifest.xml:30:13-32:36
167                android:name="photopicker_activity:0:required"
167-->[:image_picker_android] AndroidManifest.xml:31:17-63
168                android:value="" />
168-->[:image_picker_android] AndroidManifest.xml:32:17-33
169        </service>
170
171        <provider
171-->[:open_filex] AndroidManifest.xml:18:9-27:20
172            android:name="com.crazecoder.openfile.FileProvider"
172-->[:open_filex] AndroidManifest.xml:19:13-64
173            android:authorities="com.dortodor.dortodorpartner.fileProvider.com.crazecoder.openfile"
173-->[:open_filex] AndroidManifest.xml:20:13-88
174            android:exported="false"
174-->[:open_filex] AndroidManifest.xml:21:13-37
175            android:grantUriPermissions="true" >
175-->[:open_filex] AndroidManifest.xml:22:13-47
176            <meta-data
176-->[:image_picker_android] AndroidManifest.xml:16:13-18:75
177                android:name="android.support.FILE_PROVIDER_PATHS"
177-->[:image_picker_android] AndroidManifest.xml:17:17-67
178                android:resource="@xml/filepaths" />
178-->[:image_picker_android] AndroidManifest.xml:18:17-72
179        </provider>
180
181        <receiver
181-->[com.google.firebase:firebase-messaging:23.4.1] AndroidManifest.xml:29:9-40:20
182            android:name="com.google.firebase.iid.FirebaseInstanceIdReceiver"
182-->[com.google.firebase:firebase-messaging:23.4.1] AndroidManifest.xml:30:13-78
183            android:exported="true"
183-->[com.google.firebase:firebase-messaging:23.4.1] AndroidManifest.xml:31:13-36
184            android:permission="com.google.android.c2dm.permission.SEND" >
184-->[com.google.firebase:firebase-messaging:23.4.1] AndroidManifest.xml:32:13-73
185            <intent-filter>
185-->[:firebase_messaging] AndroidManifest.xml:32:13-34:29
186                <action android:name="com.google.android.c2dm.intent.RECEIVE" />
186-->[:firebase_messaging] AndroidManifest.xml:33:17-81
186-->[:firebase_messaging] AndroidManifest.xml:33:25-78
187            </intent-filter>
188
189            <meta-data
189-->[com.google.firebase:firebase-messaging:23.4.1] AndroidManifest.xml:37:13-39:40
190                android:name="com.google.android.gms.cloudmessaging.FINISHED_AFTER_HANDLED"
190-->[com.google.firebase:firebase-messaging:23.4.1] AndroidManifest.xml:38:17-92
191                android:value="true" />
191-->[com.google.firebase:firebase-messaging:23.4.1] AndroidManifest.xml:39:17-37
192        </receiver>
193        <!--
194             FirebaseMessagingService performs security checks at runtime,
195             but set to not exported to explicitly avoid allowing another app to call it.
196        -->
197        <service
197-->[com.google.firebase:firebase-messaging:23.4.1] AndroidManifest.xml:46:9-53:19
198            android:name="com.google.firebase.messaging.FirebaseMessagingService"
198-->[com.google.firebase:firebase-messaging:23.4.1] AndroidManifest.xml:47:13-82
199            android:directBootAware="true"
199-->[com.google.firebase:firebase-messaging:23.4.1] AndroidManifest.xml:48:13-43
200            android:exported="false" >
200-->[com.google.firebase:firebase-messaging:23.4.1] AndroidManifest.xml:49:13-37
201            <intent-filter android:priority="-500" >
201-->[:firebase_messaging] AndroidManifest.xml:23:13-25:29
202                <action android:name="com.google.firebase.MESSAGING_EVENT" />
202-->[:firebase_messaging] AndroidManifest.xml:24:17-78
202-->[:firebase_messaging] AndroidManifest.xml:24:25-75
203            </intent-filter>
204        </service>
205
206        <activity
206-->[com.google.android.gms:play-services-base:18.0.1] AndroidManifest.xml:20:9-22:45
207            android:name="com.google.android.gms.common.api.GoogleApiActivity"
207-->[com.google.android.gms:play-services-base:18.0.1] AndroidManifest.xml:20:19-85
208            android:exported="false"
208-->[com.google.android.gms:play-services-base:18.0.1] AndroidManifest.xml:22:19-43
209            android:theme="@android:style/Theme.Translucent.NoTitleBar" />
209-->[com.google.android.gms:play-services-base:18.0.1] AndroidManifest.xml:21:19-78
210
211        <provider
211-->[com.google.firebase:firebase-common:20.4.3] AndroidManifest.xml:23:9-28:39
212            android:name="com.google.firebase.provider.FirebaseInitProvider"
212-->[com.google.firebase:firebase-common:20.4.3] AndroidManifest.xml:24:13-77
213            android:authorities="com.dortodor.dortodorpartner.firebaseinitprovider"
213-->[com.google.firebase:firebase-common:20.4.3] AndroidManifest.xml:25:13-72
214            android:directBootAware="true"
214-->[com.google.firebase:firebase-common:20.4.3] AndroidManifest.xml:26:13-43
215            android:exported="false"
215-->[com.google.firebase:firebase-common:20.4.3] AndroidManifest.xml:27:13-37
216            android:initOrder="100" />
216-->[com.google.firebase:firebase-common:20.4.3] AndroidManifest.xml:28:13-36
217
218        <uses-library
218-->[androidx.window:window:1.2.0] AndroidManifest.xml:23:9-25:40
219            android:name="androidx.window.extensions"
219-->[androidx.window:window:1.2.0] AndroidManifest.xml:24:13-54
220            android:required="false" />
220-->[androidx.window:window:1.2.0] AndroidManifest.xml:25:13-37
221        <uses-library
221-->[androidx.window:window:1.2.0] AndroidManifest.xml:26:9-28:40
222            android:name="androidx.window.sidecar"
222-->[androidx.window:window:1.2.0] AndroidManifest.xml:27:13-51
223            android:required="false" />
223-->[androidx.window:window:1.2.0] AndroidManifest.xml:28:13-37
224
225        <provider
225-->[androidx.emoji2:emoji2:1.2.0] AndroidManifest.xml:24:9-32:20
226            android:name="androidx.startup.InitializationProvider"
226-->[androidx.emoji2:emoji2:1.2.0] AndroidManifest.xml:25:13-67
227            android:authorities="com.dortodor.dortodorpartner.androidx-startup"
227-->[androidx.emoji2:emoji2:1.2.0] AndroidManifest.xml:26:13-68
228            android:exported="false" >
228-->[androidx.emoji2:emoji2:1.2.0] AndroidManifest.xml:27:13-37
229            <meta-data
229-->[androidx.emoji2:emoji2:1.2.0] AndroidManifest.xml:29:13-31:52
230                android:name="androidx.emoji2.text.EmojiCompatInitializer"
230-->[androidx.emoji2:emoji2:1.2.0] AndroidManifest.xml:30:17-75
231                android:value="androidx.startup" />
231-->[androidx.emoji2:emoji2:1.2.0] AndroidManifest.xml:31:17-49
232            <meta-data
232-->[androidx.lifecycle:lifecycle-process:2.7.0] AndroidManifest.xml:29:13-31:52
233                android:name="androidx.lifecycle.ProcessLifecycleInitializer"
233-->[androidx.lifecycle:lifecycle-process:2.7.0] AndroidManifest.xml:30:17-78
234                android:value="androidx.startup" />
234-->[androidx.lifecycle:lifecycle-process:2.7.0] AndroidManifest.xml:31:17-49
235            <meta-data
235-->[androidx.profileinstaller:profileinstaller:1.3.1] AndroidManifest.xml:29:13-31:52
236                android:name="androidx.profileinstaller.ProfileInstallerInitializer"
236-->[androidx.profileinstaller:profileinstaller:1.3.1] AndroidManifest.xml:30:17-85
237                android:value="androidx.startup" />
237-->[androidx.profileinstaller:profileinstaller:1.3.1] AndroidManifest.xml:31:17-49
238        </provider>
239
240        <meta-data
240-->[com.google.android.gms:play-services-basement:18.3.0] AndroidManifest.xml:21:9-23:69
241            android:name="com.google.android.gms.version"
241-->[com.google.android.gms:play-services-basement:18.3.0] AndroidManifest.xml:22:13-58
242            android:value="@integer/google_play_services_version" />
242-->[com.google.android.gms:play-services-basement:18.3.0] AndroidManifest.xml:23:13-66
243
244        <receiver
244-->[androidx.profileinstaller:profileinstaller:1.3.1] AndroidManifest.xml:34:9-52:20
245            android:name="androidx.profileinstaller.ProfileInstallReceiver"
245-->[androidx.profileinstaller:profileinstaller:1.3.1] AndroidManifest.xml:35:13-76
246            android:directBootAware="false"
246-->[androidx.profileinstaller:profileinstaller:1.3.1] AndroidManifest.xml:36:13-44
247            android:enabled="true"
247-->[androidx.profileinstaller:profileinstaller:1.3.1] AndroidManifest.xml:37:13-35
248            android:exported="true"
248-->[androidx.profileinstaller:profileinstaller:1.3.1] AndroidManifest.xml:38:13-36
249            android:permission="android.permission.DUMP" >
249-->[androidx.profileinstaller:profileinstaller:1.3.1] AndroidManifest.xml:39:13-57
250            <intent-filter>
250-->[androidx.profileinstaller:profileinstaller:1.3.1] AndroidManifest.xml:40:13-42:29
251                <action android:name="androidx.profileinstaller.action.INSTALL_PROFILE" />
251-->[androidx.profileinstaller:profileinstaller:1.3.1] AndroidManifest.xml:41:17-91
251-->[androidx.profileinstaller:profileinstaller:1.3.1] AndroidManifest.xml:41:25-88
252            </intent-filter>
253            <intent-filter>
253-->[androidx.profileinstaller:profileinstaller:1.3.1] AndroidManifest.xml:43:13-45:29
254                <action android:name="androidx.profileinstaller.action.SKIP_FILE" />
254-->[androidx.profileinstaller:profileinstaller:1.3.1] AndroidManifest.xml:44:17-85
254-->[androidx.profileinstaller:profileinstaller:1.3.1] AndroidManifest.xml:44:25-82
255            </intent-filter>
256            <intent-filter>
256-->[androidx.profileinstaller:profileinstaller:1.3.1] AndroidManifest.xml:46:13-48:29
257                <action android:name="androidx.profileinstaller.action.SAVE_PROFILE" />
257-->[androidx.profileinstaller:profileinstaller:1.3.1] AndroidManifest.xml:47:17-88
257-->[androidx.profileinstaller:profileinstaller:1.3.1] AndroidManifest.xml:47:25-85
258            </intent-filter>
259            <intent-filter>
259-->[androidx.profileinstaller:profileinstaller:1.3.1] AndroidManifest.xml:49:13-51:29
260                <action android:name="androidx.profileinstaller.action.BENCHMARK_OPERATION" />
260-->[androidx.profileinstaller:profileinstaller:1.3.1] AndroidManifest.xml:50:17-95
260-->[androidx.profileinstaller:profileinstaller:1.3.1] AndroidManifest.xml:50:25-92
261            </intent-filter>
262        </receiver>
263
264        <service
264-->[com.google.android.datatransport:transport-backend-cct:3.1.8] AndroidManifest.xml:28:9-34:19
265            android:name="com.google.android.datatransport.runtime.backends.TransportBackendDiscovery"
265-->[com.google.android.datatransport:transport-backend-cct:3.1.8] AndroidManifest.xml:29:13-103
266            android:exported="false" >
266-->[com.google.android.datatransport:transport-backend-cct:3.1.8] AndroidManifest.xml:30:13-37
267            <meta-data
267-->[com.google.android.datatransport:transport-backend-cct:3.1.8] AndroidManifest.xml:31:13-33:39
268                android:name="backend:com.google.android.datatransport.cct.CctBackendFactory"
268-->[com.google.android.datatransport:transport-backend-cct:3.1.8] AndroidManifest.xml:32:17-94
269                android:value="cct" />
269-->[com.google.android.datatransport:transport-backend-cct:3.1.8] AndroidManifest.xml:33:17-36
270        </service>
271        <service
271-->[com.google.android.datatransport:transport-runtime:3.1.8] AndroidManifest.xml:26:9-30:19
272            android:name="com.google.android.datatransport.runtime.scheduling.jobscheduling.JobInfoSchedulerService"
272-->[com.google.android.datatransport:transport-runtime:3.1.8] AndroidManifest.xml:27:13-117
273            android:exported="false"
273-->[com.google.android.datatransport:transport-runtime:3.1.8] AndroidManifest.xml:28:13-37
274            android:permission="android.permission.BIND_JOB_SERVICE" >
274-->[com.google.android.datatransport:transport-runtime:3.1.8] AndroidManifest.xml:29:13-69
275        </service>
276
277        <receiver
277-->[com.google.android.datatransport:transport-runtime:3.1.8] AndroidManifest.xml:32:9-34:40
278            android:name="com.google.android.datatransport.runtime.scheduling.jobscheduling.AlarmManagerSchedulerBroadcastReceiver"
278-->[com.google.android.datatransport:transport-runtime:3.1.8] AndroidManifest.xml:33:13-132
279            android:exported="false" /> <!-- The activities will be merged into the manifest of the hosting app. -->
279-->[com.google.android.datatransport:transport-runtime:3.1.8] AndroidManifest.xml:34:13-37
280        <activity
280-->[com.google.android.play:core-common:2.0.3] AndroidManifest.xml:14:9-18:65
281            android:name="com.google.android.play.core.common.PlayCoreDialogWrapperActivity"
281-->[com.google.android.play:core-common:2.0.3] AndroidManifest.xml:15:13-93
282            android:exported="false"
282-->[com.google.android.play:core-common:2.0.3] AndroidManifest.xml:16:13-37
283            android:stateNotNeeded="true"
283-->[com.google.android.play:core-common:2.0.3] AndroidManifest.xml:17:13-42
284            android:theme="@style/Theme.PlayCore.Transparent" />
284-->[com.google.android.play:core-common:2.0.3] AndroidManifest.xml:18:13-62
285    </application>
286
287</manifest>